<?xml version="1.0" encoding="UTF-8"?>
<!-- Generated by org.testng.reporters.JUnitXMLReporter -->
<testsuite ignored="0" hostname="Abhishek" failures="0" tests="4" name="Default test" time="0.052" errors="0" timestamp="2023-06-09T02:58:23 IST">
  <testcase classname="TestCases.DependencieMethods" name="LaunchApp" time="0.007"/>
  <testcase classname="TestCases.DependencieMethods" name="testcase5" time="0.001"/>
  <testcase classname="TestCases.DependencieMethods" name="login" time="0.0"/>
  <testcase classname="TestCases.DependencieMethods" name="calc" time="0.001"/>
</testsuite> <!-- Default test -->
