<?xml version="1.0" encoding="UTF-8"?>
<!-- Generated by org.testng.reporters.JUnitXMLReporter -->
<testsuite ignored="6" hostname="Abhishek" failures="0" tests="0" time="0.012" errors="0" timestamp="2023-06-12T21:16:47 IST">
  <testcase classname="TestCases.AssertionExample" name="testcase5" time="0.0">
    <ignored/>
  </testcase> <!-- testcase5 -->
  <testcase classname="TestCases.AnnotationsExample" name="TestCase3" time="0.0">
    <ignored/>
  </testcase> <!-- TestCase3 -->
  <testcase classname="TestCases.AnnotationsExample" name="TestCase2" time="0.0">
    <ignored/>
  </testcase> <!-- TestCase2 -->
  <testcase classname="TestCases.DataProviderExample" name="leadtest" time="0.0">
    <ignored/>
  </testcase> <!-- leadtest -->
  <testcase classname="TestCases.DataProviderExample" name="logintest" time="0.0">
    <ignored/>
  </testcase> <!-- logintest -->
  <testcase classname="TestCases.AnnotationsExample" name="TestCase1" time="0.0">
    <ignored/>
  </testcase> <!-- TestCase1 -->
</testsuite>
