<?xml version="1.0" encoding="UTF-8"?>
<testng-results ignored="6" total="6" passed="0" failed="0" skipped="0">
  <reporter-output>
  </reporter-output>
  <suite started-at="2023-06-12T21:16:47 IST" name="Regression" finished-at="2023-06-12T21:16:47 IST" duration-ms="12">
    <groups>
    </groups>
    <test started-at="2023-06-12T21:16:47 IST" name="logintest" finished-at="2023-06-12T21:16:47 IST" duration-ms="12">
    </test> <!-- logintest -->
  </suite> <!-- Regression -->
</testng-results>
